Determining if the pthread_create exist failed with the following output:
Change Dir: /home/lh2debug/code/LevelDBSNAPPY/cmake-build-debug/CMakeFiles/CMakeTmp

Run Build Command:"/usr/bin/make" "cmTC_a2b46/fast"
/usr/bin/make -f CMakeFiles/cmTC_a2b46.dir/build.make CMakeFiles/cmTC_a2b46.dir/build
make[1]: Entering directory '/home/lh2debug/code/LevelDBSNAPPY/cmake-build-debug/CMakeFiles/CMakeTmp'
Building C object CMakeFiles/cmTC_a2b46.dir/CheckSymbolExists.c.o
/usr/bin/cc     -o CMakeFiles/cmTC_a2b46.dir/CheckSymbolExists.c.o   -c /home/lh2debug/code/LevelDBSNAPPY/cmake-build-debug/CMakeFiles/CMakeTmp/CheckSymbolExists.c
Linking C executable cmTC_a2b46
/home/lh2debug/clion-2017.1.3/bin/cmake/bin/cmake -E cmake_link_script CMakeFiles/cmTC_a2b46.dir/link.txt --verbose=1
/usr/bin/cc       CMakeFiles/cmTC_a2b46.dir/CheckSymbolExists.c.o  -o cmTC_a2b46 -rdynamic 
CMakeFiles/cmTC_a2b46.dir/CheckSymbolExists.c.o: In function `main':
CheckSymbolExists.c:(.text+0x1b): undefined reference to `pthread_create'
collect2: error: ld returned 1 exit status
CMakeFiles/cmTC_a2b46.dir/build.make:97: recipe for target 'cmTC_a2b46' failed
make[1]: *** [cmTC_a2b46] Error 1
make[1]: Leaving directory '/home/lh2debug/code/LevelDBSNAPPY/cmake-build-debug/CMakeFiles/CMakeTmp'
Makefile:126: recipe for target 'cmTC_a2b46/fast' failed
make: *** [cmTC_a2b46/fast] Error 2

File /home/lh2debug/code/LevelDBSNAPPY/cmake-build-debug/CMakeFiles/CMakeTmp/CheckSymbolExists.c:
/* */
#include <pthread.h>

int main(int argc, char** argv)
{
  (void)argv;
#ifndef pthread_create
  return ((int*)(&pthread_create))[argc];
#else
  (void)argc;
  return 0;
#endif
}

Determining if the function pthread_create exists in the pthreads failed with the following output:
Change Dir: /home/lh2debug/code/LevelDBSNAPPY/cmake-build-debug/CMakeFiles/CMakeTmp

Run Build Command:"/usr/bin/make" "cmTC_6365c/fast"
/usr/bin/make -f CMakeFiles/cmTC_6365c.dir/build.make CMakeFiles/cmTC_6365c.dir/build
make[1]: Entering directory '/home/lh2debug/code/LevelDBSNAPPY/cmake-build-debug/CMakeFiles/CMakeTmp'
Building C object CMakeFiles/cmTC_6365c.dir/CheckFunctionExists.c.o
/usr/bin/cc    -DCHECK_FUNCTION_EXISTS=pthread_create   -o CMakeFiles/cmTC_6365c.dir/CheckFunctionExists.c.o   -c /home/lh2debug/clion-2017.1.3/bin/cmake/share/cmake-3.7/Modules/CheckFunctionExists.c
Linking C executable cmTC_6365c
/home/lh2debug/clion-2017.1.3/bin/cmake/bin/cmake -E cmake_link_script CMakeFiles/cmTC_6365c.dir/link.txt --verbose=1
/usr/bin/cc   -DCHECK_FUNCTION_EXISTS=pthread_create    CMakeFiles/cmTC_6365c.dir/CheckFunctionExists.c.o  -o cmTC_6365c -rdynamic -lpthreads 
/usr/bin/ld: cannot find -lpthreads
collect2: error: ld returned 1 exit status
CMakeFiles/cmTC_6365c.dir/build.make:97: recipe for target 'cmTC_6365c' failed
make[1]: *** [cmTC_6365c] Error 1
make[1]: Leaving directory '/home/lh2debug/code/LevelDBSNAPPY/cmake-build-debug/CMakeFiles/CMakeTmp'
Makefile:126: recipe for target 'cmTC_6365c/fast' failed
make: *** [cmTC_6365c/fast] Error 2


